<?xml version="1.0" encoding="UTF-8"?>
<!-- Generated by org.testng.reporters.JUnitXMLReporter -->
<testsuite ignored="0" hostname="VenkataathysMBP.attlocal.net" failures="0" tests="3" name="Default test" time="21.702" errors="0" timestamp="2023-01-04T19:43:45 EST">
  <testcase classname="tests.MainTest" name="launchFacebook" time="2.243"/>
  <testcase classname="tests.MainTest" name="launchGoogle" time="2.408"/>
  <testcase classname="tests.MainTest" name="launchWiki" time="2.207"/>
</testsuite> <!-- Default test -->
