<?xml version="1.0" encoding="UTF-8"?>
<!-- Generated by org.testng.reporters.JUnitXMLReporter -->
<testsuite ignored="0" hostname="VenkataathysMBP.attlocal.net" failures="0" tests="5" name="Test" time="38.619" errors="0" timestamp="2023-01-04T19:36:13 EST">
  <testcase classname="tests.MainTest" name="launchBing" time="0.788"/>
  <testcase classname="tests.MainTest" name="launchApple" time="2.818"/>
  <testcase classname="tests.MainTest" name="launchFacebook" time="2.422"/>
  <testcase classname="tests.MainTest" name="launchGoogle" time="2.334"/>
  <testcase classname="tests.MainTest" name="launchTesla" time="5.998"/>
</testsuite> <!-- Test -->
